# JRE version: Java(TM) SE Runtime Environment (8.0_181-b13) (build 1.8.0_181-b13)
# Java VM: Java HotSpot(TM) 64-Bit Server VM (25.181-b13 mixed mode windows-amd64 compressed oops)
Heap:
 PSYoungGen      total 76288K, used 12318K [0x000000076b180000, 0x0000000770680000, 0x00000007c0000000)
  eden space 65536K, 18% used [0x000000076b180000,0x000000076bd87938,0x000000076f180000)
  from space 10752K, 0% used [0x000000076f180000,0x000000076f180000,0x000000076fc00000)
  to   space 10752K, 0% used [0x000000076fc00000,0x000000076fc00000,0x0000000770680000)
 ParOldGen       total 127488K, used 14694K [0x00000006c1400000, 0x00000006c9080000, 0x000000076b180000)
  object space 127488K, 11% used [0x00000006c1400000,0x00000006c2259bd8,0x00000006c9080000)
 Metaspace       used 33593K, capacity 35572K, committed 35888K, reserved 1081344K
  class space    used 4475K, capacity 4846K, committed 4912K, reserved 1048576K
GC Heap History (10 events):
Event: 4.144 GC heap before
{Heap before GC invocations=1 (full 0):
 PSYoungGen      total 76288K, used 57021K [0x000000076b180000, 0x0000000770680000, 0x00000007c0000000)
  eden space 65536K, 87% used [0x000000076b180000,0x000000076e92f538,0x000000076f180000)
  from space 10752K, 0% used [0x000000076fc00000,0x000000076fc00000,0x0000000770680000)
  to   space 10752K, 0% used [0x000000076f180000,0x000000076f180000,0x000000076fc00000)
 ParOldGen       total 175104K, used 0K [0x00000006c1400000, 0x00000006cbf00000, 0x000000076b180000)
  object space 175104K, 0% used [0x00000006c1400000,0x00000006c1400000,0x00000006cbf00000)
 Metaspace       used 20424K, capacity 21232K, committed 21296K, reserved 1067008K
  class space    used 2897K, capacity 3106K, committed 3120K, reserved 1048576K
Event: 4.165 GC heap after
Heap after GC invocations=1 (full 0):
 PSYoungGen      total 76288K, used 7853K [0x000000076b180000, 0x0000000770680000, 0x00000007c0000000)
  eden space 65536K, 0% used [0x000000076b180000,0x000000076b180000,0x000000076f180000)
  from space 10752K, 73% used [0x000000076f180000,0x000000076f92b770,0x000000076fc00000)
  to   space 10752K, 0% used [0x000000076fc00000,0x000000076fc00000,0x0000000770680000)
 ParOldGen       total 175104K, used 80K [0x00000006c1400000, 0x00000006cbf00000, 0x000000076b180000)
  object space 175104K, 0% used [0x00000006c1400000,0x00000006c1414010,0x00000006cbf00000)
 Metaspace       used 20424K, capacity 21232K, committed 21296K, reserved 1067008K
  class space    used 2897K, capacity 3106K, committed 3120K, reserved 1048576K
}
Event: 4.165 GC heap before
{Heap before GC invocations=2 (full 1):
 PSYoungGen      total 76288K, used 7853K [0x000000076b180000, 0x0000000770680000, 0x00000007c0000000)
  eden space 65536K, 0% used [0x000000076b180000,0x000000076b180000,0x000000076f180000)
  from space 10752K, 73% used [0x000000076f180000,0x000000076f92b770,0x000000076fc00000)
  to   space 10752K, 0% used [0x000000076fc00000,0x000000076fc00000,0x0000000770680000)
 ParOldGen       total 175104K, used 80K [0x00000006c1400000, 0x00000006cbf00000, 0x000000076b180000)
  object space 175104K, 0% used [0x00000006c1400000,0x00000006c1414010,0x00000006cbf00000)
 Metaspace       used 20424K, capacity 21232K, committed 21296K, reserved 1067008K
  class space    used 2897K, capacity 3106K, committed 3120K, reserved 1048576K
Event: 4.220 GC heap after
Heap after GC invocations=2 (full 1):
 PSYoungGen      total 76288K, used 0K [0x000000076b180000, 0x0000000770680000, 0x00000007c0000000)
  eden space 65536K, 0% used [0x000000076b180000,0x000000076b180000,0x000000076f180000)
  from space 10752K, 0% used [0x000000076f180000,0x000000076f180000,0x000000076fc00000)
  to   space 10752K, 0% used [0x000000076fc00000,0x000000076fc00000,0x0000000770680000)
 ParOldGen       total 120832K, used 7652K [0x00000006c1400000, 0x00000006c8a00000, 0x000000076b180000)
  object space 120832K, 6% used [0x00000006c1400000,0x00000006c1b79338,0x00000006c8a00000)
 Metaspace       used 20424K, capacity 21232K, committed 21296K, reserved 1067008K
  class space    used 2897K, capacity 3106K, committed 3120K, reserved 1048576K
}
Event: 79.421 GC heap before
{Heap before GC invocations=3 (full 1):
 PSYoungGen      total 76288K, used 65536K [0x000000076b180000, 0x0000000770680000, 0x00000007c0000000)
  eden space 65536K, 100% used [0x000000076b180000,0x000000076f180000,0x000000076f180000)
  from space 10752K, 0% used [0x000000076f180000,0x000000076f180000,0x000000076fc00000)
  to   space 10752K, 0% used [0x000000076fc00000,0x000000076fc00000,0x0000000770680000)
 ParOldGen       total 120832K, used 7652K [0x00000006c1400000, 0x00000006c8a00000, 0x000000076b180000)
  object space 120832K, 6% used [0x00000006c1400000,0x00000006c1b79338,0x00000006c8a00000)
 Metaspace       used 32896K, capacity 34820K, committed 35120K, reserved 1079296K
  class space    used 4450K, capacity 4814K, committed 4912K, reserved 1048576K
Event: 79.433 GC heap after
Heap after GC invocations=3 (full 1):
 PSYoungGen      total 76288K, used 10740K [0x000000076b180000, 0x0000000770680000, 0x00000007c0000000)
  eden space 65536K, 0% used [0x000000076b180000,0x000000076b180000,0x000000076f180000)
  from space 10752K, 99% used [0x000000076fc00000,0x000000077067d028,0x0000000770680000)
  to   space 10752K, 0% used [0x000000076f180000,0x000000076f180000,0x000000076fc00000)
 ParOldGen       total 120832K, used 7668K [0x00000006c1400000, 0x00000006c8a00000, 0x000000076b180000)
  object space 120832K, 6% used [0x00000006c1400000,0x00000006c1b7d338,0x00000006c8a00000)
 Metaspace       used 32896K, capacity 34820K, committed 35120K, reserved 1079296K
  class space    used 4450K, capacity 4814K, committed 4912K, reserved 1048576K
}
Event: 107.893 GC heap before
{Heap before GC invocations=4 (full 1):
 PSYoungGen      total 76288K, used 34388K [0x000000076b180000, 0x0000000770680000, 0x00000007c0000000)
  eden space 65536K, 36% used [0x000000076b180000,0x000000076c8980b8,0x000000076f180000)
  from space 10752K, 99% used [0x000000076fc00000,0x000000077067d028,0x0000000770680000)
  to   space 10752K, 0% used [0x000000076f180000,0x000000076f180000,0x000000076fc00000)
 ParOldGen       total 120832K, used 7668K [0x00000006c1400000, 0x00000006c8a00000, 0x000000076b180000)
  object space 120832K, 6% used [0x00000006c1400000,0x00000006c1b7d338,0x00000006c8a00000)
 Metaspace       used 33468K, capacity 35410K, committed 35496K, reserved 1079296K
  class space    used 4469K, capacity 4835K, committed 4912K, reserved 1048576K
Event: 107.902 GC heap after
Heap after GC invocations=4 (full 1):
 PSYoungGen      total 76288K, used 9152K [0x000000076b180000, 0x0000000770680000, 0x00000007c0000000)
  eden space 65536K, 0% used [0x000000076b180000,0x000000076b180000,0x000000076f180000)
  from space 10752K, 85% used [0x000000076f180000,0x000000076fa70030,0x000000076fc00000)
  to   space 10752K, 0% used [0x000000076fc00000,0x000000076fc00000,0x0000000770680000)
 ParOldGen       total 120832K, used 7676K [0x00000006c1400000, 0x00000006c8a00000, 0x000000076b180000)
  object space 120832K, 6% used [0x00000006c1400000,0x00000006c1b7f338,0x00000006c8a00000)
 Metaspace       used 33468K, capacity 35410K, committed 35496K, reserved 1079296K
  class space    used 4469K, capacity 4835K, committed 4912K, reserved 1048576K
}
Event: 107.902 GC heap before
{Heap before GC invocations=5 (full 2):
 PSYoungGen      total 76288K, used 9152K [0x000000076b180000, 0x0000000770680000, 0x00000007c0000000)
  eden space 65536K, 0% used [0x000000076b180000,0x000000076b180000,0x000000076f180000)
  from space 10752K, 85% used [0x000000076f180000,0x000000076fa70030,0x000000076fc00000)
  to   space 10752K, 0% used [0x000000076fc00000,0x000000076fc00000,0x0000000770680000)
 ParOldGen       total 120832K, used 7676K [0x00000006c1400000, 0x00000006c8a00000, 0x000000076b180000)
  object space 120832K, 6% used [0x00000006c1400000,0x00000006c1b7f338,0x00000006c8a00000)
 Metaspace       used 33468K, capacity 35410K, committed 35496K, reserved 1079296K
  class space    used 4469K, capacity 4835K, committed 4912K, reserved 1048576K
Event: 107.968 GC heap after
Heap after GC invocations=5 (full 2):
 PSYoungGen      total 76288K, used 0K [0x000000076b180000, 0x0000000770680000, 0x00000007c0000000)
  eden space 65536K, 0% used [0x000000076b180000,0x000000076b180000,0x000000076f180000)
  from space 10752K, 0% used [0x000000076f180000,0x000000076f180000,0x000000076fc00000)
  to   space 10752K, 0% used [0x000000076fc00000,0x000000076fc00000,0x0000000770680000)
 ParOldGen       total 127488K, used 14694K [0x00000006c1400000, 0x00000006c9080000, 0x000000076b180000)
  object space 127488K, 11% used [0x00000006c1400000,0x00000006c2259bd8,0x00000006c9080000)
 Metaspace       used 33468K, capacity 35410K, committed 35496K, reserved 1079296K
  class space    used 4469K, capacity 4835K, committed 4912K, reserved 1048576K
}

