# JRE version: Java(TM) SE Runtime Environment (8.0_181-b13) (build 1.8.0_181-b13)
# Java VM: Java HotSpot(TM) 64-Bit Server VM (25.181-b13 mixed mode windows-amd64 compressed oops)
Heap:
 PSYoungGen      total 76288K, used 56356K [0x000000076b180000, 0x0000000770680000, 0x00000007c0000000)
  eden space 65536K, 85% used [0x000000076b180000,0x000000076e8890b0,0x000000076f180000)
  from space 10752K, 0% used [0x000000076f180000,0x000000076f180000,0x000000076fc00000)
  to   space 10752K, 0% used [0x000000076fc00000,0x000000076fc00000,0x0000000770680000)
 ParOldGen       total 127488K, used 10382K [0x00000006c1400000, 0x00000006c9080000, 0x000000076b180000)
  object space 127488K, 8% used [0x00000006c1400000,0x00000006c1e23928,0x00000006c9080000)
 Metaspace       used 31668K, capacity 33456K, committed 33584K, reserved 1079296K
  class space    used 4308K, capacity 4634K, committed 4656K, reserved 1048576K
GC Heap History (4 events):
Event: 3.738 GC heap before
{Heap before GC invocations=1 (full 0):
 PSYoungGen      total 76288K, used 58783K [0x000000076b180000, 0x0000000770680000, 0x00000007c0000000)
  eden space 65536K, 89% used [0x000000076b180000,0x000000076eae7c88,0x000000076f180000)
  from space 10752K, 0% used [0x000000076fc00000,0x000000076fc00000,0x0000000770680000)
  to   space 10752K, 0% used [0x000000076f180000,0x000000076f180000,0x000000076fc00000)
 ParOldGen       total 175104K, used 0K [0x00000006c1400000, 0x00000006cbf00000, 0x000000076b180000)
  object space 175104K, 0% used [0x00000006c1400000,0x00000006c1400000,0x00000006cbf00000)
 Metaspace       used 20486K, capacity 21246K, committed 21296K, reserved 1067008K
  class space    used 2871K, capacity 3075K, committed 3120K, reserved 1048576K
Event: 3.750 GC heap after
Heap after GC invocations=1 (full 0):
 PSYoungGen      total 76288K, used 10746K [0x000000076b180000, 0x0000000770680000, 0x00000007c0000000)
  eden space 65536K, 0% used [0x000000076b180000,0x000000076b180000,0x000000076f180000)
  from space 10752K, 99% used [0x000000076f180000,0x000000076fbfe9e0,0x000000076fc00000)
  to   space 10752K, 0% used [0x000000076fc00000,0x000000076fc00000,0x0000000770680000)
 ParOldGen       total 175104K, used 1873K [0x00000006c1400000, 0x00000006cbf00000, 0x000000076b180000)
  object space 175104K, 1% used [0x00000006c1400000,0x00000006c15d47d0,0x00000006cbf00000)
 Metaspace       used 20486K, capacity 21246K, committed 21296K, reserved 1067008K
  class space    used 2871K, capacity 3075K, committed 3120K, reserved 1048576K
}
Event: 3.750 GC heap before
{Heap before GC invocations=2 (full 1):
 PSYoungGen      total 76288K, used 10746K [0x000000076b180000, 0x0000000770680000, 0x00000007c0000000)
  eden space 65536K, 0% used [0x000000076b180000,0x000000076b180000,0x000000076f180000)
  from space 10752K, 99% used [0x000000076f180000,0x000000076fbfe9e0,0x000000076fc00000)
  to   space 10752K, 0% used [0x000000076fc00000,0x000000076fc00000,0x0000000770680000)
 ParOldGen       total 175104K, used 1873K [0x00000006c1400000, 0x00000006cbf00000, 0x000000076b180000)
  object space 175104K, 1% used [0x00000006c1400000,0x00000006c15d47d0,0x00000006cbf00000)
 Metaspace       used 20486K, capacity 21246K, committed 21296K, reserved 1067008K
  class space    used 2871K, capacity 3075K, committed 3120K, reserved 1048576K
Event: 3.789 GC heap after
Heap after GC invocations=2 (full 1):
 PSYoungGen      total 76288K, used 0K [0x000000076b180000, 0x0000000770680000, 0x00000007c0000000)
  eden space 65536K, 0% used [0x000000076b180000,0x000000076b180000,0x000000076f180000)
  from space 10752K, 0% used [0x000000076f180000,0x000000076f180000,0x000000076fc00000)
  to   space 10752K, 0% used [0x000000076fc00000,0x000000076fc00000,0x0000000770680000)
 ParOldGen       total 127488K, used 10382K [0x00000006c1400000, 0x00000006c9080000, 0x000000076b180000)
  object space 127488K, 8% used [0x00000006c1400000,0x00000006c1e23928,0x00000006c9080000)
 Metaspace       used 20483K, capacity 21240K, committed 21296K, reserved 1067008K
  class space    used 2871K, capacity 3074K, committed 3120K, reserved 1048576K
}

