# JRE version: Java(TM) SE Runtime Environment (8.0_181-b13) (build 1.8.0_181-b13)
# Java VM: Java HotSpot(TM) 64-Bit Server VM (25.181-b13 mixed mode windows-amd64 compressed oops)
Heap:
 PSYoungGen      total 76288K, used 29905K [0x000000076b180000, 0x0000000770680000, 0x00000007c0000000)
  eden space 65536K, 45% used [0x000000076b180000,0x000000076ceb4628,0x000000076f180000)
  from space 10752K, 0% used [0x000000076f180000,0x000000076f180000,0x000000076fc00000)
  to   space 10752K, 0% used [0x000000076fc00000,0x000000076fc00000,0x0000000770680000)
 ParOldGen       total 80384K, used 12615K [0x00000006c1400000, 0x00000006c6280000, 0x000000076b180000)
  object space 80384K, 15% used [0x00000006c1400000,0x00000006c2051fc8,0x00000006c6280000)
 Metaspace       used 33846K, capacity 35850K, committed 36144K, reserved 1081344K
  class space    used 4477K, capacity 4839K, committed 4912K, reserved 1048576K
GC Heap History (10 events):
Event: 9.117 GC heap before
{Heap before GC invocations=1 (full 0):
 PSYoungGen      total 76288K, used 58771K [0x000000076b180000, 0x0000000770680000, 0x00000007c0000000)
  eden space 65536K, 89% used [0x000000076b180000,0x000000076eae4de0,0x000000076f180000)
  from space 10752K, 0% used [0x000000076fc00000,0x000000076fc00000,0x0000000770680000)
  to   space 10752K, 0% used [0x000000076f180000,0x000000076f180000,0x000000076fc00000)
 ParOldGen       total 175104K, used 0K [0x00000006c1400000, 0x00000006cbf00000, 0x000000076b180000)
  object space 175104K, 0% used [0x00000006c1400000,0x00000006c1400000,0x00000006cbf00000)
 Metaspace       used 20496K, capacity 21250K, committed 21296K, reserved 1067008K
  class space    used 2869K, capacity 3077K, committed 3120K, reserved 1048576K
Event: 9.130 GC heap after
Heap after GC invocations=1 (full 0):
 PSYoungGen      total 76288K, used 10730K [0x000000076b180000, 0x0000000770680000, 0x00000007c0000000)
  eden space 65536K, 0% used [0x000000076b180000,0x000000076b180000,0x000000076f180000)
  from space 10752K, 99% used [0x000000076f180000,0x000000076fbfa9f0,0x000000076fc00000)
  to   space 10752K, 0% used [0x000000076fc00000,0x000000076fc00000,0x0000000770680000)
 ParOldGen       total 175104K, used 1891K [0x00000006c1400000, 0x00000006cbf00000, 0x000000076b180000)
  object space 175104K, 1% used [0x00000006c1400000,0x00000006c15d8f38,0x00000006cbf00000)
 Metaspace       used 20496K, capacity 21250K, committed 21296K, reserved 1067008K
  class space    used 2869K, capacity 3077K, committed 3120K, reserved 1048576K
}
Event: 9.130 GC heap before
{Heap before GC invocations=2 (full 1):
 PSYoungGen      total 76288K, used 10730K [0x000000076b180000, 0x0000000770680000, 0x00000007c0000000)
  eden space 65536K, 0% used [0x000000076b180000,0x000000076b180000,0x000000076f180000)
  from space 10752K, 99% used [0x000000076f180000,0x000000076fbfa9f0,0x000000076fc00000)
  to   space 10752K, 0% used [0x000000076fc00000,0x000000076fc00000,0x0000000770680000)
 ParOldGen       total 175104K, used 1891K [0x00000006c1400000, 0x00000006cbf00000, 0x000000076b180000)
  object space 175104K, 1% used [0x00000006c1400000,0x00000006c15d8f38,0x00000006cbf00000)
 Metaspace       used 20496K, capacity 21250K, committed 21296K, reserved 1067008K
  class space    used 2869K, capacity 3077K, committed 3120K, reserved 1048576K
Event: 9.172 GC heap after
Heap after GC invocations=2 (full 1):
 PSYoungGen      total 76288K, used 0K [0x000000076b180000, 0x0000000770680000, 0x00000007c0000000)
  eden space 65536K, 0% used [0x000000076b180000,0x000000076b180000,0x000000076f180000)
  from space 10752K, 0% used [0x000000076f180000,0x000000076f180000,0x000000076fc00000)
  to   space 10752K, 0% used [0x000000076fc00000,0x000000076fc00000,0x0000000770680000)
 ParOldGen       total 78336K, used 10397K [0x00000006c1400000, 0x00000006c6080000, 0x000000076b180000)
  object space 78336K, 13% used [0x00000006c1400000,0x00000006c1e27598,0x00000006c6080000)
 Metaspace       used 20493K, capacity 21244K, committed 21296K, reserved 1067008K
  class space    used 2868K, capacity 3076K, committed 3120K, reserved 1048576K
}
Event: 71.659 GC heap before
{Heap before GC invocations=3 (full 1):
 PSYoungGen      total 76288K, used 65536K [0x000000076b180000, 0x0000000770680000, 0x00000007c0000000)
  eden space 65536K, 100% used [0x000000076b180000,0x000000076f180000,0x000000076f180000)
  from space 10752K, 0% used [0x000000076f180000,0x000000076f180000,0x000000076fc00000)
  to   space 10752K, 0% used [0x000000076fc00000,0x000000076fc00000,0x0000000770680000)
 ParOldGen       total 78336K, used 10397K [0x00000006c1400000, 0x00000006c6080000, 0x000000076b180000)
  object space 78336K, 13% used [0x00000006c1400000,0x00000006c1e27598,0x00000006c6080000)
 Metaspace       used 33076K, capacity 35034K, committed 35376K, reserved 1079296K
  class space    used 4453K, capacity 4817K, committed 4912K, reserved 1048576K
Event: 71.670 GC heap after
Heap after GC invocations=3 (full 1):
 PSYoungGen      total 76288K, used 7234K [0x000000076b180000, 0x0000000770680000, 0x00000007c0000000)
  eden space 65536K, 0% used [0x000000076b180000,0x000000076b180000,0x000000076f180000)
  from space 10752K, 67% used [0x000000076fc00000,0x0000000770310960,0x0000000770680000)
  to   space 10752K, 0% used [0x000000076f180000,0x000000076f180000,0x000000076fc00000)
 ParOldGen       total 78336K, used 10405K [0x00000006c1400000, 0x00000006c6080000, 0x000000076b180000)
  object space 78336K, 13% used [0x00000006c1400000,0x00000006c1e29598,0x00000006c6080000)
 Metaspace       used 33076K, capacity 35034K, committed 35376K, reserved 1079296K
  class space    used 4453K, capacity 4817K, committed 4912K, reserved 1048576K
}
Event: 113.077 GC heap before
{Heap before GC invocations=4 (full 1):
 PSYoungGen      total 76288K, used 24968K [0x000000076b180000, 0x0000000770680000, 0x00000007c0000000)
  eden space 65536K, 27% used [0x000000076b180000,0x000000076c2d1a28,0x000000076f180000)
  from space 10752K, 67% used [0x000000076fc00000,0x0000000770310960,0x0000000770680000)
  to   space 10752K, 0% used [0x000000076f180000,0x000000076f180000,0x000000076fc00000)
 ParOldGen       total 78336K, used 10405K [0x00000006c1400000, 0x00000006c6080000, 0x000000076b180000)
  object space 78336K, 13% used [0x00000006c1400000,0x00000006c1e29598,0x00000006c6080000)
 Metaspace       used 33403K, capacity 35360K, committed 35496K, reserved 1079296K
  class space    used 4464K, capacity 4828K, committed 4912K, reserved 1048576K
Event: 113.089 GC heap after
Heap after GC invocations=4 (full 1):
 PSYoungGen      total 76288K, used 4832K [0x000000076b180000, 0x0000000770680000, 0x00000007c0000000)
  eden space 65536K, 0% used [0x000000076b180000,0x000000076b180000,0x000000076f180000)
  from space 10752K, 44% used [0x000000076f180000,0x000000076f638010,0x000000076fc00000)
  to   space 10752K, 0% used [0x000000076fc00000,0x000000076fc00000,0x0000000770680000)
 ParOldGen       total 78336K, used 10413K [0x00000006c1400000, 0x00000006c6080000, 0x000000076b180000)
  object space 78336K, 13% used [0x00000006c1400000,0x00000006c1e2b598,0x00000006c6080000)
 Metaspace       used 33403K, capacity 35360K, committed 35496K, reserved 1079296K
  class space    used 4464K, capacity 4828K, committed 4912K, reserved 1048576K
}
Event: 113.089 GC heap before
{Heap before GC invocations=5 (full 2):
 PSYoungGen      total 76288K, used 4832K [0x000000076b180000, 0x0000000770680000, 0x00000007c0000000)
  eden space 65536K, 0% used [0x000000076b180000,0x000000076b180000,0x000000076f180000)
  from space 10752K, 44% used [0x000000076f180000,0x000000076f638010,0x000000076fc00000)
  to   space 10752K, 0% used [0x000000076fc00000,0x000000076fc00000,0x0000000770680000)
 ParOldGen       total 78336K, used 10413K [0x00000006c1400000, 0x00000006c6080000, 0x000000076b180000)
  object space 78336K, 13% used [0x00000006c1400000,0x00000006c1e2b598,0x00000006c6080000)
 Metaspace       used 33403K, capacity 35360K, committed 35496K, reserved 1079296K
  class space    used 4464K, capacity 4828K, committed 4912K, reserved 1048576K
Event: 113.176 GC heap after
Heap after GC invocations=5 (full 2):
 PSYoungGen      total 76288K, used 0K [0x000000076b180000, 0x0000000770680000, 0x00000007c0000000)
  eden space 65536K, 0% used [0x000000076b180000,0x000000076b180000,0x000000076f180000)
  from space 10752K, 0% used [0x000000076f180000,0x000000076f180000,0x000000076fc00000)
  to   space 10752K, 0% used [0x000000076fc00000,0x000000076fc00000,0x0000000770680000)
 ParOldGen       total 80384K, used 12615K [0x00000006c1400000, 0x00000006c6280000, 0x000000076b180000)
  object space 80384K, 15% used [0x00000006c1400000,0x00000006c2051fc8,0x00000006c6280000)
 Metaspace       used 33403K, capacity 35360K, committed 35496K, reserved 1079296K
  class space    used 4464K, capacity 4828K, committed 4912K, reserved 1048576K
}

