# JRE version: Java(TM) SE Runtime Environment (8.0_181-b13) (build 1.8.0_181-b13)
# Java VM: Java HotSpot(TM) 64-Bit Server VM (25.181-b13 mixed mode windows-amd64 compressed oops)
Heap:
 PSYoungGen      total 76288K, used 25109K [0x000000076b180000, 0x0000000770680000, 0x00000007c0000000)
  eden space 65536K, 38% used [0x000000076b180000,0x000000076ca05460,0x000000076f180000)
  from space 10752K, 0% used [0x000000076f180000,0x000000076f180000,0x000000076fc00000)
  to   space 10752K, 0% used [0x000000076fc00000,0x000000076fc00000,0x0000000770680000)
 ParOldGen       total 79360K, used 11315K [0x00000006c1400000, 0x00000006c6180000, 0x000000076b180000)
  object space 79360K, 14% used [0x00000006c1400000,0x00000006c1f0ce70,0x00000006c6180000)
 Metaspace       used 33787K, capacity 35748K, committed 35888K, reserved 1081344K
  class space    used 4478K, capacity 4844K, committed 4912K, reserved 1048576K
GC Heap History (10 events):
Event: 10.952 GC heap before
{Heap before GC invocations=1 (full 0):
 PSYoungGen      total 76288K, used 58781K [0x000000076b180000, 0x0000000770680000, 0x00000007c0000000)
  eden space 65536K, 89% used [0x000000076b180000,0x000000076eae7788,0x000000076f180000)
  from space 10752K, 0% used [0x000000076fc00000,0x000000076fc00000,0x0000000770680000)
  to   space 10752K, 0% used [0x000000076f180000,0x000000076f180000,0x000000076fc00000)
 ParOldGen       total 175104K, used 0K [0x00000006c1400000, 0x00000006cbf00000, 0x000000076b180000)
  object space 175104K, 0% used [0x00000006c1400000,0x00000006c1400000,0x00000006cbf00000)
 Metaspace       used 20493K, capacity 21246K, committed 21296K, reserved 1067008K
  class space    used 2875K, capacity 3075K, committed 3120K, reserved 1048576K
Event: 10.965 GC heap after
Heap after GC invocations=1 (full 0):
 PSYoungGen      total 76288K, used 10749K [0x000000076b180000, 0x0000000770680000, 0x00000007c0000000)
  eden space 65536K, 0% used [0x000000076b180000,0x000000076b180000,0x000000076f180000)
  from space 10752K, 99% used [0x000000076f180000,0x000000076fbff470,0x000000076fc00000)
  to   space 10752K, 0% used [0x000000076fc00000,0x000000076fc00000,0x0000000770680000)
 ParOldGen       total 175104K, used 1945K [0x00000006c1400000, 0x00000006cbf00000, 0x000000076b180000)
  object space 175104K, 1% used [0x00000006c1400000,0x00000006c15e6700,0x00000006cbf00000)
 Metaspace       used 20493K, capacity 21246K, committed 21296K, reserved 1067008K
  class space    used 2875K, capacity 3075K, committed 3120K, reserved 1048576K
}
Event: 10.965 GC heap before
{Heap before GC invocations=2 (full 1):
 PSYoungGen      total 76288K, used 10749K [0x000000076b180000, 0x0000000770680000, 0x00000007c0000000)
  eden space 65536K, 0% used [0x000000076b180000,0x000000076b180000,0x000000076f180000)
  from space 10752K, 99% used [0x000000076f180000,0x000000076fbff470,0x000000076fc00000)
  to   space 10752K, 0% used [0x000000076fc00000,0x000000076fc00000,0x0000000770680000)
 ParOldGen       total 175104K, used 1945K [0x00000006c1400000, 0x00000006cbf00000, 0x000000076b180000)
  object space 175104K, 1% used [0x00000006c1400000,0x00000006c15e6700,0x00000006cbf00000)
 Metaspace       used 20493K, capacity 21246K, committed 21296K, reserved 1067008K
  class space    used 2875K, capacity 3075K, committed 3120K, reserved 1048576K
Event: 11.006 GC heap after
Heap after GC invocations=2 (full 1):
 PSYoungGen      total 76288K, used 0K [0x000000076b180000, 0x0000000770680000, 0x00000007c0000000)
  eden space 65536K, 0% used [0x000000076b180000,0x000000076b180000,0x000000076f180000)
  from space 10752K, 0% used [0x000000076f180000,0x000000076f180000,0x000000076fc00000)
  to   space 10752K, 0% used [0x000000076fc00000,0x000000076fc00000,0x0000000770680000)
 ParOldGen       total 78336K, used 10447K [0x00000006c1400000, 0x00000006c6080000, 0x000000076b180000)
  object space 78336K, 13% used [0x00000006c1400000,0x00000006c1e33cd0,0x00000006c6080000)
 Metaspace       used 20493K, capacity 21246K, committed 21296K, reserved 1067008K
  class space    used 2875K, capacity 3075K, committed 3120K, reserved 1048576K
}
Event: 82.464 GC heap before
{Heap before GC invocations=3 (full 1):
 PSYoungGen      total 76288K, used 65536K [0x000000076b180000, 0x0000000770680000, 0x00000007c0000000)
  eden space 65536K, 100% used [0x000000076b180000,0x000000076f180000,0x000000076f180000)
  from space 10752K, 0% used [0x000000076f180000,0x000000076f180000,0x000000076fc00000)
  to   space 10752K, 0% used [0x000000076fc00000,0x000000076fc00000,0x0000000770680000)
 ParOldGen       total 78336K, used 10447K [0x00000006c1400000, 0x00000006c6080000, 0x000000076b180000)
  object space 78336K, 13% used [0x00000006c1400000,0x00000006c1e33cd0,0x00000006c6080000)
 Metaspace       used 33141K, capacity 35054K, committed 35376K, reserved 1079296K
  class space    used 4461K, capacity 4827K, committed 4912K, reserved 1048576K
Event: 82.491 GC heap after
Heap after GC invocations=3 (full 1):
 PSYoungGen      total 76288K, used 7916K [0x000000076b180000, 0x0000000770680000, 0x00000007c0000000)
  eden space 65536K, 0% used [0x000000076b180000,0x000000076b180000,0x000000076f180000)
  from space 10752K, 73% used [0x000000076fc00000,0x00000007703bb0f8,0x0000000770680000)
  to   space 10752K, 0% used [0x000000076f180000,0x000000076f180000,0x000000076fc00000)
 ParOldGen       total 78336K, used 10455K [0x00000006c1400000, 0x00000006c6080000, 0x000000076b180000)
  object space 78336K, 13% used [0x00000006c1400000,0x00000006c1e35cd0,0x00000006c6080000)
 Metaspace       used 33141K, capacity 35054K, committed 35376K, reserved 1079296K
  class space    used 4461K, capacity 4827K, committed 4912K, reserved 1048576K
}
Event: 156.586 GC heap before
{Heap before GC invocations=4 (full 1):
 PSYoungGen      total 76288K, used 26895K [0x000000076b180000, 0x0000000770680000, 0x00000007c0000000)
  eden space 65536K, 28% used [0x000000076b180000,0x000000076c408d00,0x000000076f180000)
  from space 10752K, 73% used [0x000000076fc00000,0x00000007703bb0f8,0x0000000770680000)
  to   space 10752K, 0% used [0x000000076f180000,0x000000076f180000,0x000000076fc00000)
 ParOldGen       total 78336K, used 10455K [0x00000006c1400000, 0x00000006c6080000, 0x000000076b180000)
  object space 78336K, 13% used [0x00000006c1400000,0x00000006c1e35cd0,0x00000006c6080000)
 Metaspace       used 33493K, capacity 35396K, committed 35496K, reserved 1079296K
  class space    used 4466K, capacity 4830K, committed 4912K, reserved 1048576K
Event: 156.601 GC heap after
Heap after GC invocations=4 (full 1):
 PSYoungGen      total 76288K, used 3488K [0x000000076b180000, 0x0000000770680000, 0x00000007c0000000)
  eden space 65536K, 0% used [0x000000076b180000,0x000000076b180000,0x000000076f180000)
  from space 10752K, 32% used [0x000000076f180000,0x000000076f4e8010,0x000000076fc00000)
  to   space 10752K, 0% used [0x000000076fc00000,0x000000076fc00000,0x0000000770680000)
 ParOldGen       total 78336K, used 10463K [0x00000006c1400000, 0x00000006c6080000, 0x000000076b180000)
  object space 78336K, 13% used [0x00000006c1400000,0x00000006c1e37cd0,0x00000006c6080000)
 Metaspace       used 33493K, capacity 35396K, committed 35496K, reserved 1079296K
  class space    used 4466K, capacity 4830K, committed 4912K, reserved 1048576K
}
Event: 156.601 GC heap before
{Heap before GC invocations=5 (full 2):
 PSYoungGen      total 76288K, used 3488K [0x000000076b180000, 0x0000000770680000, 0x00000007c0000000)
  eden space 65536K, 0% used [0x000000076b180000,0x000000076b180000,0x000000076f180000)
  from space 10752K, 32% used [0x000000076f180000,0x000000076f4e8010,0x000000076fc00000)
  to   space 10752K, 0% used [0x000000076fc00000,0x000000076fc00000,0x0000000770680000)
 ParOldGen       total 78336K, used 10463K [0x00000006c1400000, 0x00000006c6080000, 0x000000076b180000)
  object space 78336K, 13% used [0x00000006c1400000,0x00000006c1e37cd0,0x00000006c6080000)
 Metaspace       used 33493K, capacity 35396K, committed 35496K, reserved 1079296K
  class space    used 4466K, capacity 4830K, committed 4912K, reserved 1048576K
Event: 156.669 GC heap after
Heap after GC invocations=5 (full 2):
 PSYoungGen      total 76288K, used 0K [0x000000076b180000, 0x0000000770680000, 0x00000007c0000000)
  eden space 65536K, 0% used [0x000000076b180000,0x000000076b180000,0x000000076f180000)
  from space 10752K, 0% used [0x000000076f180000,0x000000076f180000,0x000000076fc00000)
  to   space 10752K, 0% used [0x000000076fc00000,0x000000076fc00000,0x0000000770680000)
 ParOldGen       total 79360K, used 11315K [0x00000006c1400000, 0x00000006c6180000, 0x000000076b180000)
  object space 79360K, 14% used [0x00000006c1400000,0x00000006c1f0ce70,0x00000006c6180000)
 Metaspace       used 33493K, capacity 35396K, committed 35496K, reserved 1079296K
  class space    used 4466K, capacity 4830K, committed 4912K, reserved 1048576K
}

